# JRE version: Java(TM) SE Runtime Environment Oracle GraalVM 22.0.1+8.1 (22.0.1+8) (build 22.0.1+8-jvmci-b01)
# Java VM: Java HotSpot(TM) 64-Bit Server VM Oracle GraalVM 22.0.1+8.1 (22.0.1+8-jvmci-b01, mixed mode, sharing, tiered, jvmci, jvmci compiler, compressed oops, compressed class ptrs, g1 gc, windows-amd64)
GC Precious Log:
 CardTable entry size: 512
 Card Set container configuration: InlinePtr #cards 5 size 8 Array Of Cards #cards 12 size 40 Howl #buckets 4 coarsen threshold 1843 Howl Bitmap #cards 512 size 80 coarsen threshold 460 Card regions per heap region 1 cards per card region 2048
 CPUs: 12 total, 12 available
 Memory: 7530M
 Large Page Support: Disabled
 NUMA Support: Disabled
 Compressed Oops: Enabled (32-bit)
 Heap Region Size: 1M
 Heap Min Capacity: 8M
 Heap Initial Capacity: 118M
 Heap Max Capacity: 1884M
 Pre-touch: Disabled
 Parallel Workers: 10
 Concurrent Workers: 3
 Concurrent Refinement Workers: 10
 Periodic GC: Disabled
Heap:
 garbage-first heap   total reserved 1929216K, committed 281600K, used 152576K [0x000000008a400000, 0x0000000100000000)
  region size 1024K, 5 young (5120K), 5 survivors (5120K)
 Metaspace       used 1236K, committed 1408K, reserved 1114112K
  class space    used 108K, committed 192K, reserved 1048576K
GC Heap History (17 events):
Event: 1.157 GC heap before
{Heap before GC invocations=0 (full 0):
 garbage-first heap   total reserved 1929216K, committed 120832K, used 24576K [0x000000008a400000, 0x0000000100000000)
  region size 1024K, 24 young (24576K), 0 survivors (0K)
 Metaspace       used 1231K, committed 1408K, reserved 1114112K
  class space    used 108K, committed 192K, reserved 1048576K
}
Event: 1.202 GC heap after
{Heap after GC invocations=1 (full 0):
 garbage-first heap   total reserved 1929216K, committed 120832K, used 12096K [0x000000008a400000, 0x0000000100000000)
  region size 1024K, 3 young (3072K), 3 survivors (3072K)
 Metaspace       used 1231K, committed 1408K, reserved 1114112K
  class space    used 108K, committed 192K, reserved 1048576K
}
Event: 1.552 GC heap before
{Heap before GC invocations=1 (full 0):
 garbage-first heap   total reserved 1929216K, committed 120832K, used 32576K [0x000000008a400000, 0x0000000100000000)
  region size 1024K, 23 young (23552K), 3 survivors (3072K)
 Metaspace       used 1232K, committed 1408K, reserved 1114112K
  class space    used 108K, committed 192K, reserved 1048576K
}
Event: 1.632 GC heap after
{Heap after GC invocations=2 (full 0):
 garbage-first heap   total reserved 1929216K, committed 120832K, used 28160K [0x000000008a400000, 0x0000000100000000)
  region size 1024K, 3 young (3072K), 3 survivors (3072K)
 Metaspace       used 1232K, committed 1408K, reserved 1114112K
  class space    used 108K, committed 192K, reserved 1048576K
}
Event: 1.724 GC heap before
{Heap before GC invocations=2 (full 0):
 garbage-first heap   total reserved 1929216K, committed 120832K, used 35328K [0x000000008a400000, 0x0000000100000000)
  region size 1024K, 10 young (10240K), 3 survivors (3072K)
 Metaspace       used 1232K, committed 1408K, reserved 1114112K
  class space    used 108K, committed 192K, reserved 1048576K
}
Event: 1.761 GC heap after
{Heap after GC invocations=3 (full 0):
 garbage-first heap   total reserved 1929216K, committed 120832K, used 34816K [0x000000008a400000, 0x0000000100000000)
  region size 1024K, 2 young (2048K), 2 survivors (2048K)
 Metaspace       used 1232K, committed 1408K, reserved 1114112K
  class space    used 108K, committed 192K, reserved 1048576K
}
Event: 1.990 GC heap before
{Heap before GC invocations=3 (full 0):
 garbage-first heap   total reserved 1929216K, committed 120832K, used 52224K [0x000000008a400000, 0x0000000100000000)
  region size 1024K, 19 young (19456K), 2 survivors (2048K)
 Metaspace       used 1232K, committed 1408K, reserved 1114112K
  class space    used 108K, committed 192K, reserved 1048576K
}
Event: 2.047 GC heap after
{Heap after GC invocations=4 (full 0):
 garbage-first heap   total reserved 1929216K, committed 120832K, used 49664K [0x000000008a400000, 0x0000000100000000)
  region size 1024K, 3 young (3072K), 3 survivors (3072K)
 Metaspace       used 1232K, committed 1408K, reserved 1114112K
  class space    used 108K, committed 192K, reserved 1048576K
}
Event: 2.289 GC heap before
{Heap before GC invocations=4 (full 0):
 garbage-first heap   total reserved 1929216K, committed 120832K, used 66048K [0x000000008a400000, 0x0000000100000000)
  region size 1024K, 18 young (18432K), 3 survivors (3072K)
 Metaspace       used 1236K, committed 1408K, reserved 1114112K
  class space    used 108K, committed 192K, reserved 1048576K
}
Event: 2.461 GC heap after
{Heap after GC invocations=5 (full 0):
 garbage-first heap   total reserved 1929216K, committed 281600K, used 64000K [0x000000008a400000, 0x0000000100000000)
  region size 1024K, 3 young (3072K), 3 survivors (3072K)
 Metaspace       used 1236K, committed 1408K, reserved 1114112K
  class space    used 108K, committed 192K, reserved 1048576K
}
Event: 2.769 GC heap before
{Heap before GC invocations=5 (full 0):
 garbage-first heap   total reserved 1929216K, committed 281600K, used 84480K [0x000000008a400000, 0x0000000100000000)
  region size 1024K, 23 young (23552K), 3 survivors (3072K)
 Metaspace       used 1236K, committed 1408K, reserved 1114112K
  class space    used 108K, committed 192K, reserved 1048576K
}
Event: 2.833 GC heap after
{Heap after GC invocations=6 (full 0):
 garbage-first heap   total reserved 1929216K, committed 281600K, used 81920K [0x000000008a400000, 0x0000000100000000)
  region size 1024K, 3 young (3072K), 3 survivors (3072K)
 Metaspace       used 1236K, committed 1408K, reserved 1114112K
  class space    used 108K, committed 192K, reserved 1048576K
}
Event: 3.112 GC heap before
{Heap before GC invocations=6 (full 0):
 garbage-first heap   total reserved 1929216K, committed 281600K, used 102400K [0x000000008a400000, 0x0000000100000000)
  region size 1024K, 22 young (22528K), 3 survivors (3072K)
 Metaspace       used 1236K, committed 1408K, reserved 1114112K
  class space    used 108K, committed 192K, reserved 1048576K
}
Event: 3.144 GC heap after
{Heap after GC invocations=7 (full 0):
 garbage-first heap   total reserved 1929216K, committed 281600K, used 100864K [0x000000008a400000, 0x0000000100000000)
  region size 1024K, 3 young (3072K), 3 survivors (3072K)
 Metaspace       used 1236K, committed 1408K, reserved 1114112K
  class space    used 108K, committed 192K, reserved 1048576K
}
Event: 3.681 GC heap before
{Heap before GC invocations=7 (full 0):
 garbage-first heap   total reserved 1929216K, committed 281600K, used 126464K [0x000000008a400000, 0x0000000100000000)
  region size 1024K, 26 young (26624K), 3 survivors (3072K)
 Metaspace       used 1236K, committed 1408K, reserved 1114112K
  class space    used 108K, committed 192K, reserved 1048576K
}
Event: 3.726 GC heap after
{Heap after GC invocations=8 (full 0):
 garbage-first heap   total reserved 1929216K, committed 281600K, used 121856K [0x000000008a400000, 0x0000000100000000)
  region size 1024K, 4 young (4096K), 4 survivors (4096K)
 Metaspace       used 1236K, committed 1408K, reserved 1114112K
  class space    used 108K, committed 192K, reserved 1048576K
}
Event: 4.257 GC heap before
{Heap before GC invocations=8 (full 0):
 garbage-first heap   total reserved 1929216K, committed 281600K, used 158720K [0x000000008a400000, 0x0000000100000000)
  region size 1024K, 40 young (40960K), 4 survivors (4096K)
 Metaspace       used 1236K, committed 1408K, reserved 1114112K
  class space    used 108K, committed 192K, reserved 1048576K
}

